warning: Tag `USE_WINDOWS_ENCODING' at line 64 of file `doxyFile' has become obsolete.
         To avoid this warning please remove this line from your configuration file or upgrade it using "doxygen -u"
warning: Tag `DETAILS_AT_TOP' at line 155 of file `doxyFile' has become obsolete.
         To avoid this warning please remove this line from your configuration file or upgrade it using "doxygen -u"
warning: Tag `SHOW_DIRECTORIES' at line 374 of file `doxyFile' has become obsolete.
         To avoid this warning please remove this line from your configuration file or upgrade it using "doxygen -u"
warning: Tag `HTML_ALIGN_MEMBERS' at line 620 of file `doxyFile' has become obsolete.
         To avoid this warning please remove this line from your configuration file or upgrade it using "doxygen -u"
warning: Tag `XML_SCHEMA' at line 852 of file `doxyFile' has become obsolete.
         To avoid this warning please remove this line from your configuration file or upgrade it using "doxygen -u"
warning: Tag `XML_DTD' at line 858 of file `doxyFile' has become obsolete.
         To avoid this warning please remove this line from your configuration file or upgrade it using "doxygen -u"
warning: Tag `MAX_DOT_GRAPH_WIDTH' at line 1121 of file `doxyFile' has become obsolete.
         To avoid this warning please remove this line from your configuration file or upgrade it using "doxygen -u"
warning: Tag `MAX_DOT_GRAPH_HEIGHT' at line 1129 of file `doxyFile' has become obsolete.
         To avoid this warning please remove this line from your configuration file or upgrade it using "doxygen -u"
warning: tag INPUT: input source `../examples' does not exist
warning: source ../examples is not a readable file or directory... skipping.
Searching for include files...
Searching for example files...
Searching for images...
Searching for dot files...
Searching for msc files...
Searching for dia files...
Searching for files to exclude
Searching INPUT for files to process...
Searching for files in directory /home/gaurav/Documents/Dendro-KT/src
Searching for files in directory /home/gaurav/Documents/Dendro-KT/include
Reading and parsing tag files
Parsing files
Preprocessing /home/gaurav/Documents/Dendro-KT/include/asyncExchangeContex.h...
Parsing file /home/gaurav/Documents/Dendro-KT/include/asyncExchangeContex.h...
Preprocessing /home/gaurav/Documents/Dendro-KT/include/binUtils.h...
Parsing file /home/gaurav/Documents/Dendro-KT/include/binUtils.h...
Preprocessing /home/gaurav/Documents/Dendro-KT/include/colors.h...
Parsing file /home/gaurav/Documents/Dendro-KT/include/colors.h...
Preprocessing /home/gaurav/Documents/Dendro-KT/include/comm_hierarchy.h...
Parsing file /home/gaurav/Documents/Dendro-KT/include/comm_hierarchy.h...
Preprocessing /home/gaurav/Documents/Dendro-KT/include/dendro.h...
Parsing file /home/gaurav/Documents/Dendro-KT/include/dendro.h...
Preprocessing /home/gaurav/Documents/Dendro-KT/include/distTree.h...
Parsing file /home/gaurav/Documents/Dendro-KT/include/distTree.h...
Preprocessing /home/gaurav/Documents/Dendro-KT/include/dollar_stat.h...
Parsing file /home/gaurav/Documents/Dendro-KT/include/dollar_stat.h...
Preprocessing /home/gaurav/Documents/Dendro-KT/include/dtypes.h...
Parsing file /home/gaurav/Documents/Dendro-KT/include/dtypes.h...
Preprocessing /home/gaurav/Documents/Dendro-KT/include/filterFunction.h...
Parsing file /home/gaurav/Documents/Dendro-KT/include/filterFunction.h...
Preprocessing /home/gaurav/Documents/Dendro-KT/include/hcurvedata.h...
Parsing file /home/gaurav/Documents/Dendro-KT/include/hcurvedata.h...
Preprocessing /home/gaurav/Documents/Dendro-KT/include/KDhcurvedata_decl.h...
Parsing file /home/gaurav/Documents/Dendro-KT/include/KDhcurvedata_decl.h...
Preprocessing /home/gaurav/Documents/Dendro-KT/include/mathUtils.h...
Parsing file /home/gaurav/Documents/Dendro-KT/include/mathUtils.h...
Preprocessing /home/gaurav/Documents/Dendro-KT/include/matRecord.h...
Parsing file /home/gaurav/Documents/Dendro-KT/include/matRecord.h...
Preprocessing /home/gaurav/Documents/Dendro-KT/include/matvecPreallocation.h...
Parsing file /home/gaurav/Documents/Dendro-KT/include/matvecPreallocation.h...
Preprocessing /home/gaurav/Documents/Dendro-KT/include/memory_pool.h...
Parsing file /home/gaurav/Documents/Dendro-KT/include/memory_pool.h...
Preprocessing /home/gaurav/Documents/Dendro-KT/include/meshLoop.h...
Parsing file /home/gaurav/Documents/Dendro-KT/include/meshLoop.h...
Preprocessing /home/gaurav/Documents/Dendro-KT/include/nsort.h...
Parsing file /home/gaurav/Documents/Dendro-KT/include/nsort.h...
Preprocessing /home/gaurav/Documents/Dendro-KT/include/octUtils.h...
Parsing file /home/gaurav/Documents/Dendro-KT/include/octUtils.h...
Preprocessing /home/gaurav/Documents/Dendro-KT/include/oda.h...
Parsing file /home/gaurav/Documents/Dendro-KT/include/oda.h...
Preprocessing /home/gaurav/Documents/Dendro-KT/include/ompUtils.h...
Parsing file /home/gaurav/Documents/Dendro-KT/include/ompUtils.h...
Preprocessing /home/gaurav/Documents/Dendro-KT/include/p2p.h...
Parsing file /home/gaurav/Documents/Dendro-KT/include/p2p.h...
Preprocessing /home/gaurav/Documents/Dendro-KT/include/parUtils.h...
Parsing file /home/gaurav/Documents/Dendro-KT/include/parUtils.h...
Preprocessing /home/gaurav/Documents/Dendro-KT/include/pcoord.h...
Parsing file /home/gaurav/Documents/Dendro-KT/include/pcoord.h...
Preprocessing /home/gaurav/Documents/Dendro-KT/include/point.h...
Parsing file /home/gaurav/Documents/Dendro-KT/include/point.h...
Preprocessing /home/gaurav/Documents/Dendro-KT/include/profiler.h...
Parsing file /home/gaurav/Documents/Dendro-KT/include/profiler.h...
Preprocessing /home/gaurav/Documents/Dendro-KT/include/seqUtils.h...
Parsing file /home/gaurav/Documents/Dendro-KT/include/seqUtils.h...
Preprocessing /home/gaurav/Documents/Dendro-KT/inc/home/gaurav/Documents/Dendro-KT/include/matvecPreallocation.h:2: warning: the name `:matvec.h' supplied as the second argument in the \file statement is not an input file
/home/gaurav/Documents/Dendro-KT/include/nsort.h:2: warning: the name `:nsort.h' supplied as the second argument in the \file statement is not an input file
/home/gaurav/Documents/Dendro-KT/include/octUtils.h:2: warning: the name `:octUtils.h' supplied as the second argument in the \file statement is not an input file
/home/gaurav/Documents/Dendro-KT/include/point.h:2: warning: the name `Point.h' supplied as the second argument in the \file statement is not an input file
/home/gaurav/Documents/Dendro-KT/include/sfcTreeLoop.h:2: warning: the name `:sfcTreeLoop.h' supplied as the second argument in the \file statement is not an input file
/home/gaurav/Documents/Dendro-KT/include/tsearchCmpx.h:2: warning: the name `:tsearchCmpx.h' supplied as the second argument in the \file statement is not an input file
/home/gaurav/Documents/Dendro-KT/include/tsort.h:2: warning: the name `:tsort.h' supplied as the second argument in the \file statement is not an input file
/home/gaurav/Documents/Dendro-KT/include/templateUtils.h:52: warning: Detected potential recursive class relation between class litb::GenSeq and base class litb::GenSeq< N-1, N-1, IntTail... >!

/home/gaurav/Documents/Dendro-KT/include/templateUtils.h:52: warning: Detected potential recursive class relation between class litb::GenSeq and base class GenSeq< N-1, N-1, IntTail... >!

/home/gaurav/Documents/Dendro-KT/include/templateUtils.h:52: warning: Detected potential recursive class relation between class litb::GenSeq and base class litb::GenSeq< N-1, N-1, IntTail... >!

/home/gaurav/Documents/Dendro-KT/include/templateUtils.h:52: warning: Detected potential recursive class relation between class litb::GenSeq and base class GenSeq< N-1, N-1, IntTail... >!

/home/gaurav/Documents/Dendro-KT/include/pcoord.h:194: warning: no matching class member found for 
  template < T, dim >
  void periodic::PCoord< T, dim >::coord(int axis, const periodic::PCoord< T, dim >::periodic::PCoord::CoordTransfer &coord)
Possible candidates:
  CoordTransfer periodic::PCoord< T, dim >::coord(int axis) const
  void periodic::PCoord< T, dim >::coord(int axis, const CoordTransfer &coord)
  void periodic::PCoord< T, dim >::coord(int axis, T coord)

/home/gaurav/Documents/Dendro-KT/include/binUtils.h:140: warning: Found unknown command `\description'
/home/gaurav/Documents/Dendro-KT/include/mathUtils.h:221: warning: Found unknown command `\description'
lude/sfcTreeLoop.h...
Parsing file /home/gaurav/Documents/Dendro-KT/include/sfcTreeLoop.h...
Preprocessing /home/gaurav/Documents/Dendro-KT/include/sfcTreeLoop_matvec.h...
Parsing file /home/gaurav/Documents/Dendro-KT/include/sfcTreeLoop_matvec.h...
Preprocessing /home/gaurav/Documents/Dendro-KT/include/sfcTreeLoop_matvec_io.h...
Parsing file /home/gaurav/Documents/Dendro-KT/include/sfcTreeLoop_matvec_io.h...
Preprocessing /home/gaurav/Documents/Dendro-KT/include/templateUtils.h...
Parsing file /home/gaurav/Documents/Dendro-KT/include/templateUtils.h...
Preprocessing /home/gaurav/Documents/Dendro-KT/include/tnUtils.h...
Parsing file /home/gaurav/Documents/Dendro-KT/include/tnUtils.h...
Preprocessing /home/gaurav/Documents/Dendro-KT/include/treeNode.h...
Parsing file /home/gaurav/Documents/Dendro-KT/include/treeNode.h...
Preprocessing /home/gaurav/Documents/Dendro-KT/include/tsearchCmpx.h...
Parsing file /home/gaurav/Documents/Dendro-KT/include/tsearchCmpx.h...
Preprocessing /home/gaurav/Documents/Dendro-KT/include/tsort.h...
Parsing file /home/gaurav/Documents/Dendro-KT/include/tsort.h...
Building group list...
Building directory list...
Building namespace list...
Building file list...
Building class list...
Associating documentation with classes...
Computing nesting relations for classes...
Building example list...
Searching for enumerations...
Searching for documented typedefs...
Searching for members imported via using declarations...
Searching for included using directives...
Searching for documented variables...
Building interface member list...
Building member list...
Searching for friends...
Searching for documented defines...
Computing class inheritance relations...
Computing class usage relations...
Flushing cached template relations that have become invalid...
Computing class relations...
Add enum values to enums...
Searching for member function documentation...
Creating members for template instances...
Building page list...
Search for main page...
Computing page relations...
Determining the scope of groups...
Sorting lists...
Freeing entry tree
Determining which enums are documented
Computing member relations...
Building full member lists recursively...
Adding members to member groups.
Computing member references...
Inheriting documentation...
Generating disk names...
Adding source references...
Adding xrefitems...
Sorting member lists...
Computing dependencies between directories...
Generating citations page...
Counting data structures...
Resolving user defined references...
Finding anchors and sections in the documentation...
Transferring function references...
Combining using relations...
Adding members to index pages...
Generating style sheet...
Generating search indices...
Generating example documentation...
Generating file sources...
Generating code for file /home/gaurav/Documents/Dendro-KT/include/asyncExchangeContex.h...
Generating code for file /home/gaurav/Documents/Dendro-KT/include/binUtils.h...
Generating code for file /home/gaurav/Documents/Dendro-KT/include/colors.h...
Generating code for file /home/gaurav/Documents/Dendro-KT/include/comm_hierarchy.h...
Generating code for file /home/gaurav/Documents/Dendro-KT/include/dendro.h...
Generating code for file /home/gaurav/Documents/Dendro-KT/include/distTree.h...
Generating code for file /home/gaurav/Documents/Dendro-KT/include/dollar_stat.h...
Generating code for file /home/gaurav/Documents/Dendro-KT/include/dtypes.h...
Generating code for file /home/gaurav/Documents/Dendro-KT/include/filterFunction.h...
Generating code for file /home/gaurav/Documents/Dendro-KT/include/hcurvedata.h...
Generating code for file /home/gaurav/Documents/Dendro-KT/include/KDhcurvedata_decl.h...
Generating code for file /home/gaurav/Documents/Dendro-KT/include/mathUtils.h...
Generating code for file /home/gaurav/Documents/Dendro-KT/include/matRecord.h...
Generating code for file /home/gaurav/Documents/Dendro-KT/include/matvecPreallocation.h...
Generating code for file /home/gaurav/Documents/Dendro-KT/include/memory_pool.h...
Generating code for file /home/gaurav/Documents/home/gaurav/Documents/Dendro-KT/include/nsort.h:33: warning: Found unknown command `\description'
/home/gaurav/Documents/Dendro-KT/include/pcoord.h:19: warning: Found unknown command `\description'
/home/gaurav/Documents/Dendro-KT/include/treeNode.h:40: warning: Unsupported xml/html tag <int> found
/home/gaurav/Documents/Dendro-KT/include/binUtils.h:140: warning: Found unknown command `\description'
/home/gaurav/Documents/Dendro-KT/include/mathUtils.h:221: warning: Found unknown command `\description'
/home/gaurav/Documents/Dendro-KT/include/mathUtils.h:161: warning: The following parameters of dot(const T *v1, const T *v2, const unsigned int n, MPI_Comm comm) are not documented:
  parameter 'comm'
/home/gaurav/Documents/Dendro-KT/include/mathUtils.h:221: warning: Found unknown command `\description'
/home/gaurav/Documents/Dendro-KT/include/mathUtils.h:165: warning: argument 'comm' of command @param is not found in the argument list of mul(const T alpha, const T *v, const unsigned int n, T *out)
/home/gaurav/Documents/Dendro-KT/include/mathUtils.h:173: warning: The following parameters of mul(const T alpha, const T *v, const unsigned int n, T *out) are not documented:
  parameter 'out'
/home/gaurav/Documents/Dendro-KT/include/mathUtils.h:19: warning: argument 'dimension' of command @param is not found in the argument list of normL2(T *vec1, T *vec2, unsigned int n, MPI_Comm comm)
/home/gaurav/Documents/Dendro-KT/include/mathUtils.h:28: warning: The following parameters of normL2(T *vec1, T *vec2, unsigned int n, MPI_Comm comm) are not documented:
  parameter 'n'
/home/gaurav/Documents/Dendro-KT/include/mathUtils.h:55: warning: argument 'dimension' of command @param is not found in the argument list of normL2(T *vec, unsigned int n, MPI_Comm comm)
/home/gaurav/Documents/Dendro-KT/include/mathUtils.h:62: warning: The following parameters of normL2(T *vec, unsigned int n, MPI_Comm comm) are not documented:
  parameter 'n'
/home/gaurav/Documents/Dendro-KT/include/mathUtils.h:66: warning: argument 'dimension' of command @param is not found in the argument list of normL2(T *vec1, T *vec2, unsigned int n)
/home/gaurav/Documents/Dendro-KT/include/mathUtils.h:73: warning: The following parameters of normL2(T *vec1, T *vec2, unsigned int n) are not documented:
  parameter 'n'
/home/gaurav/Documents/Dendro-KT/include/mathUtils.h:76: warning: argument 'dimension' of command @param is not found in the argument list of normL2(T *vec, unsigned int n)
/home/gaurav/Documents/Dendro-KT/include/mathUtils.h:82: warning: The following parameters of normL2(T *vec, unsigned int n) are not documented:
  parameter 'n'
/home/gaurav/Documents/Dendro-KT/include/mathUtils.h:31: warning: argument 'dimension' of command @param is not found in the argument list of normLInfty(T *vec1, T *vec2, unsigned int n, MPI_Comm comm)
/home/gaurav/Documents/Dendro-KT/include/mathUtils.h:39: warning: The following parameters of normLInfty(T *vec1, T *vec2, unsigned int n, MPI_Comm comm) are not documented:
  parameter 'n'
/home/gaurav/Documents/Dendro-KT/include/mathUtils.h:43: warning: argument 'dimension' of command @param is not found in the argument list of normLInfty(T *vec1, T *vec2, unsigned int n)
/home/gaurav/Documents/Dendro-KT/include/mathUtils.h:50: warning: The following parameters of normLInfty(T *vec1, T *vec2, unsigned int n) are not documented:
  parameter 'n'
/home/gaurav/Documents/Dendro-KT/include/mathUtils.h:86: warning: argument 'dimension' of command @param is not found in the argument list of normLInfty(T *vec, unsigned int n)
/home/gaurav/Documents/Dendro-KT/include/mathUtils.h:92: warning: The following parameters of normLInfty(T *vec, unsigned int n) are not documented:
  parameter 'n'
/home/gaurav/Documents/Dendro-KT/include/mathUtils.h:96: warning: argument 'dimension' of command @param is not found in the argument list of normLInfty(T *vec, unsigned int n, MPI_Comm comm)
/home/gaurav/Documents/Dendro-KT/include/mathUtils.h:103: warning: The following parameters of normLInfty(T *vec, unsigned int n, MPI_Comm comm) are not documented:
  parameter 'n'
/home/gaurav/Documents/Dendro-KT/include/mathUtils.h:116: warning: argument 'dimension' of command @param is not found in the argument list of vecMax(T *vec, unsigned int n)
/home/gaurav/Documents/Dendro-KT/include/mathUtils.h:122: warning: The following parameters of vecMax(T *vec, unsigned int n) are not documented:
  parameter 'n'
/home/gaurav/Documents/Dendro-KT/include/mathUtils.h:136: warning: argument 'dimension' of command @param is not found in the argument list of vecMax(T *vec, unsigned int n, MPI_Comm comm)
/home/gaurav/Documents/Dendro-KT/include/mathUtils.h:142: warning: The following parameters of vecMax(T *vec, unsigned int n, MPI_Comm comm) are not documented:
  parameter 'n'
  parameter 'comm'
/home/gaurav/Documents/Dendro-KT/include/mathUtils.h:106: warning: argument 'dimension' of command @param is not found in the argument list of vecMin(T *vec, unsigned int n)
/home/gaurav/Documents/Dendro-KT/include/mathUtils.h:112: warning: The following parameters of vecMin(T *vec, unsigned int n) are not documented:
  parameter 'n'
/home/gaurav/Documents/Dendro-KT/include/mathUtils.h:126: warning: argument 'dimension' of command @param is not found in the argument list of vecMin(T *vec, unsigned int n, MPI_Comm comm)
/home/gaurav/Documents/Dendro-KT/include/mathUtils.h:132: warning: The following parameters of vecMin(T *vec, unsigned int n, MPI_Comm comm) are not documented:
  parameter 'n'
  parameter 'comm'
/home/gaurav/Documents/Dendro-KT/include/nsort.h:33: warning: Found unknown command `\description'
/home/gaurav/Documents/Dendro-KT/include/pcoord.h:19: warning: Found unknown command `\description'
/Dendro-KT/include/meshLoop.h...
Generating code for file /home/gaurav/Documents/Dendro-KT/include/nsort.h...
Generating code for file /home/gaurav/Documents/Dendro-KT/include/octUtils.h...
Generating code for file /home/gaurav/Documents/Dendro-KT/include/oda.h...
Generating code for file /home/gaurav/Documents/Dendro-KT/include/ompUtils.h...
Generating code for file /home/gaurav/Documents/Dendro-KT/include/p2p.h...
Generating code for file /home/gaurav/Documents/Dendro-KT/include/parUtils.h...
Generating code for file /home/gaurav/Documents/Dendro-KT/include/pcoord.h...
Generating code for file /home/gaurav/Documents/Dendro-KT/include/point.h...
Generating code for file /home/gaurav/Documents/Dendro-KT/include/profiler.h...
Generating code for file /home/gaurav/Documents/Dendro-KT/include/seqUtils.h...
Generating code for file /home/gaurav/Documents/Dendro-KT/include/sfcTreeLoop.h...
Generating code for file /home/gaurav/Documents/Dendro-KT/include/sfcTreeLoop_matvec.h...
Generating code for file /home/gaurav/Documents/Dendro-KT/include/sfcTreeLoop_matvec_io.h...
Generating code for file /home/gaurav/Documents/Dendro-KT/include/templateUtils.h...
Generating code for file /home/gaurav/Documents/Dendro-KT/include/tnUtils.h...
Generating code for file /home/gaurav/Documents/Dendro-KT/include/treeNode.h...
Generating code for file /home/gaurav/Documents/Dendro-KT/include/tsearchCmpx.h...
Generating code for file /home/gaurav/Documents/Dendro-KT/include/tsort.h...
Generating file documentation...
Generating docs for file /home/gaurav/Documents/Dendro-KT/include/asyncExchangeContex.h...
Generating docs for file /home/gaurav/Documents/Dendro-KT/include/binUtils.h...
Generating docs for file /home/gaurav/Documents/Dendro-KT/include/colors.h...
Generating docs for file /home/gaurav/Documents/Dendro-KT/include/comm_hierarchy.h...
Generating docs for file /home/gaurav/Documents/Dendro-KT/include/dendro.h...
Generating docs for file /home/gaurav/Documents/Dendro-KT/include/distTree.h...
Generating docs for file /home/gaurav/Documents/Dendro-KT/include/dollar_stat.h...
Generating docs for file /home/gaurav/Documents/Dendro-KT/include/dtypes.h...
Generating docs for file /home/gaurav/Documents/Dendro-KT/include/filterFunction.h...
Generating docs for file /home/gaurav/Documents/Dendro-KT/include/hcurvedata.h...
Generating docs for file /home/gaurav/Documents/Dendro-KT/include/KDhcurvedata_decl.h...
Generating docs for file /home/gaurav/Documents/Dendro-KT/include/mathUtils.h...
Generating docs for file /home/gaurav/Documents/Dendro-KT/include/matRecord.h...
Generating docs for file /home/gaurav/Documents/Dendro-KT/include/matvecPreallocation.h...
Generating docs for file /home/gaurav/Documents/Dendro-KT/include/memory_pool.h...
Generating docs for file /home/gaurav/Documents/Dendro-KT/include/meshLoop.h...
Generating docs for file /home/gaurav/Documents/Dendro-KT/include/nsort.h...
Generating docs for file /home/gaurav/Documents/Dendro-KT/include/octUtils.h...
Generating docs for file /home/gaurav/Documents/Dendro-KT/include/oda.h...
Generating docs for file /home/gaurav/Documents/Dendro-KT/include/ompUtils.h...
Generating docs for file /home/gaurav/Documents/Dendro-KT/include/p2p.h...
Generating docs for file /home/gaurav/Documents/Dendro-KT/include/parUtils.h...
Generating docs for file /home/gaurav/Documents/Dendro-KT/include/pcoord.h...
Generating docs for file /home/gaurav/Documents/Dendro-KT/include/point.h...
Generating docs for file /home/gaurav/Documents/Dendro-KT/include/profiler.h...
Generating docs for file /home/gaurav/Documents/Dendro-KT/include/seqUtils.h...
Generating docs for file /home/gaurav/Documents/Dendro-KT/include/sfcTreeLoop.h...
Generating docs for file /home/gaurav/Documents/Dendro-KT/include/sfcTreeLoop_matvec.h...
Generating docs for file /home/gaurav/Documents/Dendro-KT/include/sfcTreeLoop_matvec_io.h...
Generating docs for file /home/gaurav/Documents/Dendro-KT/include/templateUtils.h...
Generating docs for file /home/gaurav/Documents/Dendro-KT/include/tnUtils.h...
Generating docs for file /home/gaurav/D/home/gaurav/Documents/Dendro-KT/include/treeNode.h:40: warning: Unsupported xml/html tag <int> found
/home/gaurav/Documents/Dendro-KT/include/binUtils.h:140: warning: Found unknown command `\description'
/home/gaurav/Documents/Dendro-KT/include/binUtils.h:140: warning: Found unknown command `\description'
/home/gaurav/Documents/Dendro-KT/include/binUtils.h:140: warning: Found unknown command `\description'
/home/gaurav/Documents/Dendro-KT/include/filterFunction.h:44: warning: Found unknown command `\maksbh'
/home/gaurav/Documents/Dendro-KT/include/nsort.h:33: warning: Found unknown command `\description'
/home/gaurav/Documents/Dendro-KT/include/treeNode.h:40: warning: Unsupported xml/html tag <int> found
/home/gaurav/Documents/Dendro-KT/include/sfcTreeLoop_matvec.h:21: warning: explicit link request to 'include' could not be resolved
/home/gaurav/Documents/Dendro-KT/include/sfcTreeLoop_matvec.h:23: warning: explicit link request to 'include' could not be resolved
/home/gaurav/Documents/Dendro-KT/include/sfcTreeLoop_matvec.h:23: warning: Unsupported xml/html tag <vector> found
/home/gaurav/Documents/Dendro-KT/include/sfcTreeLoop_matvec.h:25: warning: explicit link request to 'include' could not be resolved
/home/gaurav/Documents/Dendro-KT/include/sfcTreeLoop_matvec.h:26: warning: explicit link request to 'include' could not be resolved
/home/gaurav/Documents/Dendro-KT/include/octUtils.h:802: warning: argument 'comm' of command @param is not found in the argument list of ot::checkSiblingLeafsTogether(std::vector< TreeNode< T, dim >> &tree, MPI_Comm nonempty_comm)
/home/gaurav/Documents/Dendro-KT/include/octUtils.h:806: warning: The following parameters of ot::checkSiblingLeafsTogether(std::vector< TreeNode< T, dim >> &tree, MPI_Comm nonempty_comm) are not documented:
  parameter 'nonempty_comm'
/home/gaurav/Documents/Dendro-KT/include/oda.h:91: warning: The following parameters of ot::constructRegularSubdomainDA(DA< dim > &newSubDA, unsigned int level, std::array< unsigned int, dim > extentPowers, unsigned int eleOrder, MPI_Comm comm, double sfc_tol=0.3) are not documented:
  parameter 'comm'
  parameter 'sfc_tol'
/home/gaurav/Documents/Dendro-KT/include/oda.h:127: warning: argument 'comm' of command @param is not found in the argument list of ot::distShiftNodes(const DA< dim > &srcDA, const DofT *srcLocal, const DA< dim > &destDA, DofT *destLocal, unsigned int ndofs=1)
/home/gaurav/Documents/Dendro-KT/include/oda.h:136: warning: The following parameters of ot::distShiftNodes(const DA< dim > &srcDA, const DofT *srcLocal, const DA< dim > &destDA, DofT *destLocal, unsigned int ndofs=1) are not documented:
  parameter 'ndofs'
/home/gaurav/Documents/Dendro-KT/include/octUtils.h:258: warning: The following parameters of ot::function2Octree(std::function< void(const double *, double *)> fx, const unsigned int numVars, const unsigned int *varIndex, const unsigned int numInterpVars, std::vector< TreeNode< T, dim >> &nodes, unsigned int maxDepth, const double &interp_tol, const double sfc_tol, unsigned int elementOrder, MPI_Comm comm) are not documented:
  parameter 'nodes'
/home/gaurav/Documents/Dendro-KT/include/octUtils.h:37: warning: The following parameters of ot::getPts(unsigned int numPoints, unsigned int sLev=m_uiMaxDepth, unsigned int eLev=m_uiMaxDepth) are not documented:
  parameter 'sLev'
  parameter 'eLev'
/home/gaurav/Documents/Dendro-KT/include/treeNode.h:40: warning: Unsupported xml/html tag <int> found
/home/gaurav/Documents/Dendro-KT/include/octUtils.h:98: warning: argument 'tolernace' of command @param is not found in the argument list of ot::sliceKTree(const TreeNode< T, dim > *in, std::vector< TreeNode< T, dim >> &out, unsigned int numNodes, unsigned int sDim, T sliceVal)
/home/gaurav/Documents/Dendro-KT/include/nsort.h:33: warning: Found unknown command `\description'
/home/gaurav/Documents/Dendro-KT/include/nsort.h:33: warning: Found unknown command `\description'
/home/gaurav/Documents/Dendro-KT/include/oda.h:304: warning: argument 'in' of command @param is not found in the argument list of ot::DA< dim >::DA(unsigned int order=1)
/home/gaurav/Documents/Dendro-KT/include/oda.h:304: warning: argument 'comm' of command @param is not found in the argument list of ot::DA< dim >::DA(unsigned int order=1)
/home/gaurav/Documents/Dendro-KT/include/oda.h:304: warning: argument 'grainSz' of command @param is not found in the argument list of ot::DA< dim >::DA(unsigned int order=1)
/home/gaurav/Documents/Dendro-KT/include/oda.h:304: warning: argument 'sfc_tol' of command @param is not found in the argument list of ot::DA< dim >::DA(unsigned int order=1)
/home/gaurav/Documents/Dendro-KT/include/oda.h:339: warning: The following parameters of ot::DA::DA(std::function< void(const T *, T *)> func, unsigned int dofSz, MPI_Comm comm, unsigned int order, double interp_tol, size_t grainSz=100, double sfc_tol=0.3) are not documented:
  parameter 'dofSz'
/home/gaurav/Documents/Dendro-KT/include/oda.h:494: warning: expected whitespace after [ command
/home/gaurav/Documents/Dendro-KT/include/oda.h:562: warning: expected whitespace after [ command
/home/gaurav/Documents/Dendro-KT/include/oda.h:575: warning: expected whitespace after [ command
/home/gaurav/Documents/Dendro-KT/include/oda.h:596: warning: The following parameters of ot::DA::vecTopvtu(T *local, const char *fPrefix, char **nodalVarNames=NULL, bool isElemental=false, bool isGhosted=false, unsigned int dof=1) are not documented:
  parameter 'nodalVarNames'
/home/gaurav/Documents/Dendro-KT/include/matRecord.h:110: warning: Found unknown command `\breif'
/home/gaurav/Documents/Dendro-KT/include/sfcTreeLoop_matvec_io.h:573: warning: explicit link request to 'flags' could not be resolved
/home/gaurav/Documents/Dendro-KT/include/sfcTreeLoop_matvec_io.h:573: warning: explicit link request to 'nodes' could not be resolved
/home/gaurav/Documents/Dendro-KT/include/tsort.h:565: warning: Found unknown command `\description'
/home/gaurav/Documents/Dendro-KT/include/tsort.h:565: warning: Found unknown command `\description'
/home/gaurav/Documents/Dendro-KT/include/tsort.h:854: warning: The following parameters of ot::SFC_Tree::getContainingBlocks(TreeNode< T, dim > *points, RankI begin, RankI end, const TreeNode< T, dim > *splitters, RankI sBegin, RankI sEnd, LevI lev, SFC_State< dim > sfc, int &numPrevBlocks, const int startSize, std::vector< int > &outBlocks) are not documented:
  parameter 'points'
  parameter 'begin'
  parameter 'end'
  parameter 'sBegin'
  parameter 'sEnd'
  parameter 'lev'
  parameter 'sfc'
  parameter 'numPrevBlocks'
  parameter 'startSize'
  parameter 'outBlocks'
/home/gaurav/Documents/Dendro-KT/include/tsort.h:389: warning: The following parameters of ot::SFC_Tree::SFC_bucketing_impl(PointType *points, RankI begin, RankI end, LevI lev, SFC_State< dim > sfc, KeyFun keyfun, bool separateAncestors, bool ancestorsFirst, std::array< RankI, 1+nchild(dim)> &outSplitters, RankI &outAncStart, RankI &outAncEnd) are not documented:
  parameter 'points'
  parameter 'begin'
  parameter 'end'
  parameter 'lev'
  parameter 'sfc'
  parameter 'keyfun'
  parameter 'separateAncestors'
  parameter 'outSplitters'
  parameter 'outAncStart'
  parameter 'outAncEnd'
/home/gaurav/Documents/Dendro-KT/include/tsort.h:457: warning: The following parameters of ot::SFC_Tree::SFC_locateBuckets_impl(const PointType *points, RankI begin, RankI end, LevI lev, SFC_State< dim > sfc, KeyFun keyfun, bool separateAncestors, bool ancestorsFirst, std::array< RankI, 1+nchild(dim)> &outSplitters, RankI &outAncStart, RankI &outAncEnd) are not documented:
  parameter 'points'
  parameter 'begin'
  parameter 'end'
  parameter 'lev'
  parameter 'sfc'
  parameter 'keyfun'
  parameter 'separateAncestors'
  parameter 'outSplitters'
  parameter 'outAncStart'
  parameter 'outAncEnd'
ocuments/Dendro-KT/include/treeNode.h...
Generating docs for file /home/gaurav/Documents/Dendro-KT/include/tsearchCmpx.h...
Generating docs for file /home/gaurav/Documents/Dendro-KT/include/tsort.h...
Generating page documentation...
Generating group documentation...
Generating class documentation...
Generating docs for compound HilbertData...
Generating docs for compound mem_blk...
Generating docs for compound memory_pool...
Generating docs for compound Point...
Generating docs for compound profiler_t...
Generating namespace index...
Generating docs for namespace binOp
Generating docs for compound binOp::TallBitMatrix...
Generating docs for namespace dollar
Generating docs for compound dollar::DollarStat...
Generating docs for nested compound dollar::DollarStat::info...
Generating docs for namespace fem
Generating docs for compound fem::SFC_Matvec...
Generating docs for namespace ibm
Generating docs for namespace litb
Generating docs for compound litb::BiTupleExtractor...
Generating docs for compound litb::ConstTupleExtractor...
Generating docs for compound litb::GenSeq...
Generating docs for compound litb::GenSeq< 0, IntTail... >...
Generating docs for compound litb::IntSeq...
Generating docs for compound litb::TupleExtractor...
Generating docs for compound litb::Typelist...
Generating docs for namespace omp_par
Generating docs for namespace ot
Generating docs for compound ot::AsyncExchangeContex...
Generating docs for compound ot::CellType...
Generating docs for compound ot::CompressedTree...
Generating docs for compound ot::DA...
Generating docs for compound ot::DefaultSummary...
Generating docs for compound ot::DistTree...
Generating docs for nested compound ot::DistTree::BoxDecider...
Generating docs for compound ot::Element...
Generating docs for compound ot::Frame...
Generating docs for compound ot::FrameInputs...
Generating docs for compound ot::FrameInputs< dim, Inputs< Types... > >...
Generating docs for compound ot::FrameOutputs...
Generating docs for compound ot::FrameOutputs< dim, Outputs< Types... > >...
Generating docs for compound ot::GatherMap...
Generating docs for compound ot::Inputs...
Generating docs for compound ot::IntRange...
Generating docs for compound ot::IterateNodesToChildren...
Generating docs for compound ot::Keeper...
Generating docs for compound ot::KeyFunIdentity_maxDepth...
Generating docs for compound ot::KeyFunIdentity_Pt...
Generating docs for compound ot::KeyFunIdentity_TN...
Generating docs for compound ot::LevelSegment...
Generating docs for compound ot::MatCompactRows...
Generating docs for compound ot::MatRecord...
Generating docs for compound ot::MatvecBase...
Generating docs for nested compound ot::MatvecBase::AccessSubtree...
Generating docs for compound ot::MatvecBaseCoords...
Generating docs for nested compound ot::MatvecBaseCoords::AccessSubtree...
Generating docs for compound ot::MatvecBaseIn...
Generating docs for nested compound ot::MatvecBaseIn::AccessSubtree...
Generating docs for compound ot::MatvecBaseOut...
Generating docs for nested compound ot::MatvecBaseOut::AccessSubtree...
Generating docs for compound ot::MatvecBaseSummary...
Generating docs for compound ot::MeshLoopFrame...
Generating docs for compound ot::MeshLoopImpl...
Generating docs for compound ot::MeshLoopInterface_S_NS...
Generating docs for nested compound ot::MeshLoopInterface_S_NS::Iterator...
Generating docs for compound ot::OctreeAdler32...
Generating docs for compound ot::Outputs...
Generating docs for compound ot::Overlaps...
Generating docs for compound ot::PartitionFront...
Generating docs for compound ot::PartitionFrontBack...
Generating docs for compound ot::ScatterMap...
Generating docs for compound ot::Segment...
Generating docs for compound ot::SegmentSample...
Generating docs for compound ot::SFC_NodeSort...
Generating docs for compound ot::SFC_Search...
Generating docs for compound ot::SFC_State...
Generating docs for compound ot::SFC_Tree...
Generating docs for nested compound ot::SFC_Tree::PartitionFrontBackRequest...
Generating docs for compound ot::SFC_TreeLoop...
Generating docs /home/gaurav/Documents/Dendro-KT/include/treeNode.h:172: warning: argument 'The' of command @param is not found in the argument list of ot::TreeNode< T, dim >::getAncestor(unsigned int ancLev) const
/home/gaurav/Documents/Dendro-KT/include/treeNode.h:176: warning: The following parameters of ot::TreeNode::getAncestor(unsigned int ancLev) const are not documented:
  parameter 'ancLev'
/home/gaurav/Documents/Dendro-KT/include/treeNode.h:134: warning: expected whitespace after : command
/home/gaurav/Documents/Dendro-KT/include/parUtils.h:741: warning: The following parameters of par::bitonicSort(std::vector< T > &in, MPI_Comm comm) are not documented:
  parameter 'comm'
/home/gaurav/Documents/Dendro-KT/include/parUtils.h:726: warning: The following parameters of par::bitonicSort_binary(std::vector< T > &in, MPI_Comm comm) are not documented:
  parameter 'comm'
/home/gaurav/Documents/Dendro-KT/include/parUtils.h:603: warning: argument 'nodes' of command @param is not found in the argument list of par::splitComm2way(bool iAmEmpty, MPI_Comm *new_comm, MPI_Comm orig_comm)
/home/gaurav/Documents/Dendro-KT/include/parUtils.h:603: warning: argument 'isSorted' of command @param is not found in the argument list of par::splitComm2way(bool iAmEmpty, MPI_Comm *new_comm, MPI_Comm orig_comm)
/home/gaurav/Documents/Dendro-KT/include/parUtils.h:603: warning: argument 'comm' of command @param is not found in the argument list of par::splitComm2way(bool iAmEmpty, MPI_Comm *new_comm, MPI_Comm orig_comm)
/home/gaurav/Documents/Dendro-KT/include/parUtils.h:763: warning: Found unknown command `\title'
/home/gaurav/Documents/Dendro-KT/include/parUtils.h:767: warning: Found unknown command `\modified'
/home/gaurav/Documents/Dendro-KT/include/parUtils.h:769: warning: Found unknown command `\usage'
/home/gaurav/Documents/Dendro-KT/include/parUtils.h:770: warning: Found unknown command `\usage'
/home/gaurav/Documents/Dendro-KT/include/parUtils.h:771: warning: Found unknown command `\usage'
/home/gaurav/Documents/Dendro-KT/include/pcoord.h:19: warning: Found unknown command `\description'
/home/gaurav/Documents/Dendro-KT/include/pcoord.h:19: warning: Found unknown command `\description'
/home/gaurav/Documents/Dendro-KT/include/pcoord.h:19: warning: Found unknown command `\description'
/home/gaurav/Documents/Dendro-KT/include/binUtils.h:140: warning: Found unknown command `\description'
/home/gaurav/Documents/Dendro-KT/include/nsort.h:33: warning: Found unknown command `\description'
/home/gaurav/Documents/Dendro-KT/include/pcoord.h:19: warning: Found unknown command `\description'
/home/gaurav/Documents/Dendro-KT/include/nsort.h:33: warning: Found unknown command `\description'
/home/gaurav/Documents/Dendro-KT/include/pcoord.h:19: warning: Found unknown command `\description'
/home/gaurav/Documents/Dendro-KT/include/binUtils.h:140: warning: Found unknown command `\description'
for compound ot::SubtreeInfo...
Generating docs for compound ot::TNPoint...
Generating docs for compound ot::TreeNode...
Generating docs for namespace ot::DA_FLAGS
Generating docs for namespace ot::OCT_FLAGS
Generating docs for namespace ot::sfc
Generating docs for namespace ot::sfc_tree_utils
Generating docs for compound ot::sfc_tree_utils::Copier...
Generating docs for compound ot::sfc_tree_utils::Resizer...
Generating docs for namespace par
Generating docs for compound par::KwayBlocks...
Generating docs for compound par::KwayComms...
Generating docs for compound par::MinMeanMax...
Generating docs for compound par::Mpi_datatype...
Generating docs for compound par::Mpi_datatype< bool >...
Generating docs for compound par::Mpi_datatype< ot::OctreeAdler32 >...
Generating docs for compound par::Mpi_datatype< ot::TNPoint< T, dim > >...
Generating docs for compound par::Mpi_datatype< ot::TreeNode< T, dim > >...
Generating docs for compound par::Mpi_datatype< std::complex< T > >...
Generating docs for compound par::NbxSynch...
Generating docs for compound par::P2PMeta...
Generating docs for compound par::P2PPartners...
Generating docs for compound par::P2PRequest...
Generating docs for compound par::P2PScalar...
Generating docs for compound par::P2PVector...
Generating docs for compound par::SendRecvSchedule...
Generating docs for namespace periodic
Generating docs for compound periodic::PCoord...
Generating docs for nested compound periodic::PCoord::CoordTransfer...
Generating docs for compound periodic::PRange...
Generating docs for namespace seq
Generating docs for namespace type
Generating docs for compound type::StrongIndex...
Generating graph info page...
Generating directory documentation...
Generating index page...
Generating page index...
Generating module index...
Generating namespace index...
Generating namespace member index...
Generating annotated compound index...
Generating alphabetical compound index...
Generating hierarchical class index...
Generating member index...
Generating file index...
Generating file member index...
Generating example index...
finalizing index lists...
writing tag file...
lookup cache used 2933/65536 hits=26781 misses=3126
finished...
